#
# There is insufficient memory for the Java Runtime Environment to continue.
# Native memory allocation (mmap) failed to map 130023424 bytes for G1 virtual space
# Possible reasons:
#   The system is out of physical RAM or swap space
#   The process is running with CompressedOops enabled, and the Java Heap may be blocking the growth of the native heap
# Possible solutions:
#   Reduce memory load on the system
#   Increase physical memory or swap space
#   Check if swap backing store is full
#   Decrease Java heap size (-Xmx/-Xms)
#   Decrease number of Java threads
#   Decrease Java thread stack sizes (-Xss)
#   Set larger code cache with -XX:ReservedCodeCacheSize=
#   JVM is running with Unscaled Compressed Oops mode in which the Java heap is
#     placed in the first 4GB address space. The Java Heap base address is the
#     maximum limit for the native heap growth. Please use -XX:HeapBaseMinAddress
#     to set the Java Heap base and to place the Java Heap above 4GB virtual address.
# This output file may be truncated or incomplete.
#
#  Out of Memory Error (os_windows.cpp:3530), pid=8420, tid=18140
#
# JRE version:  (18.0.2.1+1) (build )
# Java VM: Java HotSpot(TM) 64-Bit Server VM (18.0.2.1+1-1, mixed mode, sharing, tiered, compressed oops, compressed class ptrs, g1 gc, windows-amd64)
# No core dump will be written. Minidumps are not enabled by default on client versions of Windows
#

---------------  S U M M A R Y ------------

Command Line: -Dfile.encoding=UTF-8 --module-path=C:\Users\thiago.cavassini\Desktop\comex\bin -XX:+ShowCodeDetailsInExceptionMessages -Djdk.module.main=comex comex/comex.MainItemPedido

Host: 11th Gen Intel(R) Core(TM) i5-1135G7 @ 2.40GHz, 8 cores, 7G,  Windows 11 , 64 bit Build 22000 (10.0.22000.708)
Time: Fri Sep 23 14:59:50 2022 Hora oficial do Brasil elapsed time: 0.028628 seconds (0d 0h 0m 0s)

---------------  T H R E A D  ---------------

Current thread (0x0000027618b6d410):  JavaThread "Unknown thread" [_thread_in_vm, id=18140, stack(0x0000007786300000,0x0000007786400000)]

Stack: [0x0000007786300000,0x0000007786400000]
Native frames: (J=compiled Java code, j=interpreted, Vv=VM code, C=native code)
V  [jvm.dll+0x6993aa]
V  [jvm.dll+0x7f46dd]
V  [jvm.dll+0x7f5fee]
V  [jvm.dll+0x7f66a3]
V  [jvm.dll+0x25cf1f]
V  [jvm.dll+0x6962f9]
V  [jvm.dll+0x68ae2a]
V  [jvm.dll+0x32255b]
V  [jvm.dll+0x329f36]
V  [jvm.dll+0x37eade]
V  [jvm.dll+0x37ed0f]
V  [jvm.dll+0x2fa2da]
V  [jvm.dll+0x2fb33d]
V  [jvm.dll+0x7c3310]
V  [jvm.dll+0x38be61]
V  [jvm.dll+0x7a2023]
V  [jvm.dll+0x40dc3f]
V  [jvm.dll+0x40f611]
C  [jli.dll+0x526b]
C  [ucrtbase.dll+0x26c0c]
C  [KERNEL32.DLL+0x154e0]
C  [ntdll.dll+0x485b]


---------------  P R O C E S S  ---------------

Threads class SMR info:
_java_thread_list=0x00007ffe7f1ce550, length=0, elements={
}

Java Threads: ( => current thread )

Other Threads:
  0x0000027618bcd1c0 WorkerThread "GC Thread#0" [stack: 0x0000007786400000,0x0000007786500000] [id=18448]
  0x0000027618bde1b0 ConcurrentGCThread "G1 Main Marker" [stack: 0x0000007786500000,0x0000007786600000] [id=10044]
  0x0000027618bdfbb0 WorkerThread "G1 Conc#0" [stack: 0x0000007786600000,0x0000007786700000] [id=19508]

[error occurred during error reporting (printing all threads), id 0xc0000005, EXCEPTION_ACCESS_VIOLATION (0xc0000005) at pc=0x00007ffe7e9fa877]

VM state: not at safepoint (not fully initialized)

VM Mutex/Monitor currently owned by a thread:  ([mutex/lock_event])
[0x0000027618b69770] Heap_lock - owner thread: 0x0000027618b6d410

Heap address: 0x0000000084200000, size: 1982 MB, Compressed Oops mode: 32-bit

CDS archive(s) mapped at: [0x0000000000000000-0x0000000000000000-0x0000000000000000), size 0, SharedBaseAddress: 0x0000000800000000, ArchiveRelocationMode: 0.
Narrow klass base: 0x0000000000000000, Narrow klass shift: 0, Narrow klass range: 0x0

GC Precious Log:
 CardTable entry size: 512
 Card Set container configuration: InlinePtr #cards 5 size 8 Array Of Cards #cards 12 size 40 Howl #buckets 4 coarsen threshold 1843 Howl Bitmap #cards 512 size 80 coarsen threshold 460 Card regions per heap region 1 cards per card region 2048

Heap:
 garbage-first heap   total 0K, used 0K [0x0000000084200000, 0x0000000100000000)
  region size 1024K, 0 young (0K), 0 survivors (0K)

[error occurred during error reporting (printing heap information), id 0xc0000005, EXCEPTION_ACCESS_VIOLATION (0xc0000005) at pc=0x00007ffe7ede1839]

GC Heap History (0 events):
No events

Deoptimization events (0 events):
No events

Classes loaded (0 events):
No events

Classes unloaded (0 events):
No events

Classes redefined (0 events):
No events

Internal exceptions (0 events):
No events

VM Operations (0 events):
No events

Events (1 events):
Event: 0.007 Loaded shared library D:\bin\java.dll


Dynamic libraries:
0x00007ff7bd6c0000 - 0x00007ff7bd6d0000 	D:\bin\javaw.exe
0x00007ffeeb740000 - 0x00007ffeeb949000 	C:\Windows\SYSTEM32\ntdll.dll
0x00007ffeeb640000 - 0x00007ffeeb6fd000 	C:\Windows\System32\KERNEL32.DLL
0x00007ffee8e10000 - 0x00007ffee918c000 	C:\Windows\System32\KERNELBASE.dll
0x00007ffee94b0000 - 0x00007ffee95c1000 	C:\Windows\System32\ucrtbase.dll
0x00007ffebc210000 - 0x00007ffebc228000 	D:\bin\jli.dll
0x00007ffebcbc0000 - 0x00007ffebcbda000 	D:\bin\VCRUNTIME140.dll
0x00007ffee9720000 - 0x00007ffee97ce000 	C:\Windows\System32\ADVAPI32.dll
0x00007ffee9670000 - 0x00007ffee9713000 	C:\Windows\System32\msvcrt.dll
0x00007ffeeafa0000 - 0x00007ffeeb03e000 	C:\Windows\System32\sechost.dll
0x00007ffeea2e0000 - 0x00007ffeea400000 	C:\Windows\System32\RPCRT4.dll
0x00007ffeeb070000 - 0x00007ffeeb21d000 	C:\Windows\System32\USER32.dll
0x00007ffee9190000 - 0x00007ffee91b6000 	C:\Windows\System32\win32u.dll
0x00007ffec4ac0000 - 0x00007ffec4d65000 	C:\Windows\WinSxS\amd64_microsoft.windows.common-controls_6595b64144ccf1df_6.0.22000.120_none_9d947278b86cc467\COMCTL32.dll
0x00007ffeea400000 - 0x00007ffeea429000 	C:\Windows\System32\GDI32.dll
0x00007ffee92d0000 - 0x00007ffee93e9000 	C:\Windows\System32\gdi32full.dll
0x00007ffee91c0000 - 0x00007ffee925d000 	C:\Windows\System32\msvcp_win.dll
0x00007ffee3b20000 - 0x00007ffee3b2a000 	C:\Windows\SYSTEM32\VERSION.dll
0x00007ffee9630000 - 0x00007ffee9661000 	C:\Windows\System32\IMM32.DLL
0x00007ffee3000000 - 0x00007ffee300c000 	D:\bin\vcruntime140_1.dll
0x00007ffe9b8f0000 - 0x00007ffe9b97d000 	D:\bin\msvcp140.dll
0x00007ffe7e6f0000 - 0x00007ffe7f301000 	D:\bin\server\jvm.dll
0x00007ffeeb220000 - 0x00007ffeeb228000 	C:\Windows\System32\PSAPI.DLL
0x00007ffee69e0000 - 0x00007ffee6a13000 	C:\Windows\SYSTEM32\WINMM.dll
0x00007ffecfc70000 - 0x00007ffecfc79000 	C:\Windows\SYSTEM32\WSOCK32.dll
0x00007ffeeb400000 - 0x00007ffeeb46f000 	C:\Windows\System32\WS2_32.dll
0x00007ffee7e00000 - 0x00007ffee7e18000 	C:\Windows\SYSTEM32\kernel.appcore.dll
0x00007ffebede0000 - 0x00007ffebedea000 	D:\bin\jimage.dll
0x00007ffee6780000 - 0x00007ffee69a1000 	C:\Windows\SYSTEM32\DBGHELP.DLL
0x00007ffee6740000 - 0x00007ffee6771000 	C:\Windows\SYSTEM32\dbgcore.DLL
0x00007ffee8d90000 - 0x00007ffee8e0f000 	C:\Windows\System32\bcryptPrimitives.dll
0x00007ffea4db0000 - 0x00007ffea4dd5000 	D:\bin\java.dll

dbghelp: loaded successfully - version: 4.0.5 - missing functions: none
symbol engine: initialized successfully - sym options: 0x614 - pdb path: .;D:\bin;C:\Windows\SYSTEM32;C:\Windows\WinSxS\amd64_microsoft.windows.common-controls_6595b64144ccf1df_6.0.22000.120_none_9d947278b86cc467;D:\bin\server

VM Arguments:
jvm_args: -Dfile.encoding=UTF-8 --module-path=C:\Users\thiago.cavassini\Desktop\comex\bin -XX:+ShowCodeDetailsInExceptionMessages -Djdk.module.main=comex 
java_command: comex/comex.MainItemPedido
java_class_path (initial): <not set>
Launcher Type: SUN_STANDARD

[Global flags]
     intx CICompilerCount                          = 4                                         {product} {ergonomic}
     uint ConcGCThreads                            = 2                                         {product} {ergonomic}
     uint G1ConcRefinementThreads                  = 8                                         {product} {ergonomic}
   size_t G1HeapRegionSize                         = 1048576                                   {product} {ergonomic}
    uintx GCDrainStackTargetSize                   = 64                                        {product} {ergonomic}
   size_t InitialHeapSize                          = 130023424                                 {product} {ergonomic}
   size_t MarkStackSize                            = 4194304                                   {product} {ergonomic}
   size_t MaxHeapSize                              = 2078277632                                {product} {ergonomic}
   size_t MinHeapDeltaBytes                        = 1048576                                   {product} {ergonomic}
   size_t MinHeapSize                              = 8388608                                   {product} {ergonomic}
    uintx NonNMethodCodeHeapSize                   = 5839372                                {pd product} {ergonomic}
    uintx NonProfiledCodeHeapSize                  = 122909434                              {pd product} {ergonomic}
    uintx ProfiledCodeHeapSize                     = 122909434                              {pd product} {ergonomic}
    uintx ReservedCodeCacheSize                    = 251658240                              {pd product} {ergonomic}
     bool SegmentedCodeCache                       = true                                      {product} {ergonomic}
     bool ShowCodeDetailsInExceptionMessages       = true                                   {manageable} {command line}
   size_t SoftMaxHeapSize                          = 2078277632                             {manageable} {ergonomic}
     bool UseCompressedClassPointers               = true                           {product lp64_product} {ergonomic}
     bool UseCompressedOops                        = true                           {product lp64_product} {ergonomic}
     bool UseG1GC                                  = true                                      {product} {ergonomic}
     bool UseLargePagesIndividualAllocation        = false                                  {pd product} {ergonomic}

Logging:
Log output configuration:
 #0: stdout all=warning uptime,level,tags foldmultilines=false
 #1: stderr all=off uptime,level,tags foldmultilines=false

Environment Variables:
PATH=D:bin/server;D:bin;C:\Program Files\Common Files\Oracle\Java\javapath;C:\app\thiago.cavassini\product\21c\dbhomeXE\bin;C:\Program Files (x86)\Common Files\Oracle\Java\javapath;C:\App\Oracle\Client19c\bin;C:\Program Files (x86)\VMware\VMware Player\bin\;C:\Windows\system32;C:\Windows;C:\Windows\System32\Wbem;C:\Windows\System32\WindowsPowerShell\v1.0\;C:\Windows\System32\OpenSSH\;C:\Program Files\dotnet\;C:\Program Files\Git\cmd;C:\Users\thiago.cavassini\AppData\Local\Microsoft\WindowsApps;;C:\Users\thiago.cavassini\AppData\Local\Programs\Microsoft VS Code\bin;C:\Users\thiago.cavassini\Desktop;
USERNAME=thiago.cavassini
OS=Windows_NT
PROCESSOR_IDENTIFIER=Intel64 Family 6 Model 140 Stepping 1, GenuineIntel



---------------  S Y S T E M  ---------------

OS:
 Windows 11 , 64 bit Build 22000 (10.0.22000.708)
OS uptime: 7 days 16:53 hours

CPU: total 8 (initial active 8) (4 cores per cpu, 2 threads per core) family 6 model 140 stepping 1 microcode 0xa4, cx8, cmov, fxsr, ht, mmx, 3dnowpref, sse, sse2, sse3, ssse3, sse4.1, sse4.2, popcnt, lzcnt, tsc, tscinvbit, avx, avx2, aes, erms, clmul, bmi1, bmi2, adx, avx512f, avx512dq, avx512cd, avx512bw, avx512vl, sha, fma, vzeroupper, avx512_vpopcntdq, avx512_vpclmulqdq, avx512_vaes, avx512_vnni, clflush, clflushopt, clwb, avx512_vbmi2, avx512_vbmi

Memory: 4k page, system-wide physical 7926M (1435M free)
TotalPageFile size 16171M (AvailPageFile size 75M)
current process WorkingSet (physical memory assigned to process): 10M, peak: 10M
current process commit charge ("private bytes"): 60M, peak: 184M

vm_info: Java HotSpot(TM) 64-Bit Server VM (18.0.2.1+1-1) for windows-amd64 JRE (18.0.2.1+1-1), built on Aug 16 2022 01:46:33 by "mach5one" with MS VC++ 16.8 / 16.9 (VS2019)

END.
